<?xml version="1.0" encoding="UTF-8"?>
<!-- Generated by org.testng.reporters.JUnitReportReporter -->
<testsuite skipped="0" hostname="Omers-MacBook-Pro.local" name="com.qa.darksky.tests.HomePageTest" tests="3" failures="0" timestamp="2020-11-02T13:12:22 EST" time="6.988" errors="0">
  <testcase name="vetifyPageTitle" time="2.426" classname="com.qa.darksky.tests.HomePageTest"/>
  <system-out/>
  <testcase name="verifyTemps" time="2.435" classname="com.qa.darksky.tests.HomePageTest"/>
  <system-out/>
  <testcase name="verifyHighandLowTemp" time="2.127" classname="com.qa.darksky.tests.HomePageTest"/>
  <system-out/>
</testsuite> <!-- com.qa.darksky.tests.HomePageTest -->
